This file contains any messages produced by compilers while
running configure, to aid debugging if configure makes a mistake.

It was created by genesis configure 2.0.0, which was
generated by GNU Autoconf 2.69.  Invocation command line was

  $ ./configure --enable-single FC=mpiifort CC=mpiicc --enable-parallel_IO

## --------- ##
## Platform. ##
## --------- ##

hostname = dolphin1
uname -m = x86_64
uname -r = 4.15.0-91-generic
uname -s = Linux
uname -v = #92-Ubuntu SMP Fri Feb 28 11:09:48 UTC 2020

/usr/bin/uname -p = unknown
/bin/uname -X     = unknown

/bin/arch              = unknown
/usr/bin/arch -k       = unknown
/usr/convex/getsysinfo = unknown
/usr/bin/hostinfo      = unknown
/bin/machine           = unknown
/usr/bin/oslevel       = unknown
/bin/universe          = unknown

PATH: /home/jung/bin
PATH: /home/jung/.local/bin
PATH: /home/jung/program/anaconda3/bin
PATH: /home/jung/program/anaconda3/condabin
PATH: /usr/local/cuda-9.1/bin
PATH: /opt/intel/bin
PATH: /opt/intel/compilers_and_libraries_2018.2.199/linux/bin/intel64
PATH: /opt/intel/compilers_and_libraries_2018.2.199/linux/mpi/intel64/bin
PATH: /usr/local/sbin
PATH: /usr/local/bin
PATH: /usr/sbin
PATH: /usr/bin
PATH: /sbin
PATH: /bin
PATH: /usr/games
PATH: /usr/local/games
PATH: /snap/bin


## ----------- ##
## Core tests. ##
## ----------- ##

configure:2007: checking for a BSD-compatible install
configure:2075: result: /usr/bin/install -c
configure:2086: checking whether build environment is sane
configure:2141: result: yes
configure:2179: WARNING: 'missing' script is too old or missing
configure:2292: checking for a thread-safe mkdir -p
configure:2331: result: /bin/mkdir -p
configure:2338: checking for gawk
configure:2368: result: no
configure:2338: checking for mawk
configure:2354: found /usr/bin/mawk
configure:2365: result: mawk
configure:2376: checking whether make sets $(MAKE)
configure:2398: result: yes
configure:2427: checking whether make supports nested variables
configure:2444: result: yes
configure:2575: checking whether make sets $(MAKE)
configure:2597: result: yes
configure:2652: checking for ranlib
configure:2668: found /usr/bin/ranlib
configure:2679: result: ranlib
configure:2929: checking for Fortran compiler version
configure:2938: mpiifort --version >&5
ifort (IFORT) 18.0.2 20180210
Copyright (C) 1985-2018 Intel Corporation.  All rights reserved.

configure:2949: $? = 0
configure:2938: mpiifort -v >&5
mpiifort for the Intel(R) MPI Library 2018 Update 2 for Linux*
Copyright(C) 2003-2018, Intel Corporation.  All rights reserved.
ifort version 18.0.2
configure:2949: $? = 0
configure:2938: mpiifort -V >&5
Intel(R) Fortran Intel(R) 64 Compiler for applications running on Intel(R) 64, Version 18.0.2.199 Build 20180210
Copyright (C) 1985-2018 Intel Corporation.  All rights reserved.

configure:2949: $? = 0
configure:2938: mpiifort -qversion >&5
ifort: command line warning #10006: ignoring unknown option '-qversion'
/opt/intel/compilers_and_libraries_2018.2.199/linux/compiler/lib/intel64_lin/for_main.o: In function `main':
for_main.c:(.text+0x2a): undefined reference to `MAIN__'
configure:2949: $? = 1
configure:2964: checking whether the Fortran compiler works
configure:2986: mpiifort    conftest.f  >&5
configure:2990: $? = 0
configure:3038: result: yes
configure:3041: checking for Fortran compiler default output file name
configure:3043: result: a.out
configure:3049: checking for suffix of executables
configure:3056: mpiifort -o conftest    conftest.f  >&5
configure:3060: $? = 0
configure:3082: result: 
configure:3098: checking whether we are cross compiling
configure:3106: mpiifort -o conftest    conftest.f  >&5
configure:3110: $? = 0
configure:3117: ./conftest
configure:3121: $? = 0
configure:3136: result: no
configure:3141: checking for suffix of object files
configure:3157: mpiifort -c   conftest.f >&5
configure:3161: $? = 0
configure:3182: result: o
configure:3190: checking whether we are using the GNU Fortran compiler
configure:3203: mpiifort -c   conftest.F >&5
conftest.F(3): error #5082: Syntax error, found END-OF-STATEMENT when expecting one of: => = . [ % ( :
       choke me
---------------^
compilation aborted for conftest.F (code 1)
configure:3203: $? = 1
configure: failed program was:
|       program main
| #ifndef __GNUC__
|        choke me
| #endif
| 
|       end
configure:3212: result: no
configure:3218: checking whether mpiifort accepts -g
configure:3229: mpiifort -c -g  conftest.f >&5
configure:3229: $? = 0
configure:3237: result: yes
configure:3318: checking for mpiifort
configure:3334: found /opt/intel/compilers_and_libraries_2018.2.199/linux/mpi/intel64/bin/mpiifort
configure:3345: result: mpiifort
configure:3371: checking for Fortran 77 compiler version
configure:3380: mpiifort --version >&5
ifort (IFORT) 18.0.2 20180210
Copyright (C) 1985-2018 Intel Corporation.  All rights reserved.

configure:3391: $? = 0
configure:3380: mpiifort -v >&5
mpiifort for the Intel(R) MPI Library 2018 Update 2 for Linux*
Copyright(C) 2003-2018, Intel Corporation.  All rights reserved.
ifort version 18.0.2
configure:3391: $? = 0
configure:3380: mpiifort -V >&5
Intel(R) Fortran Intel(R) 64 Compiler for applications running on Intel(R) 64, Version 18.0.2.199 Build 20180210
Copyright (C) 1985-2018 Intel Corporation.  All rights reserved.

configure:3391: $? = 0
configure:3380: mpiifort -qversion >&5
ifort: command line warning #10006: ignoring unknown option '-qversion'
/opt/intel/compilers_and_libraries_2018.2.199/linux/compiler/lib/intel64_lin/for_main.o: In function `main':
for_main.c:(.text+0x2a): undefined reference to `MAIN__'
configure:3391: $? = 1
configure:3400: checking whether we are using the GNU Fortran 77 compiler
configure:3413: mpiifort -c  conftest.F >&5
conftest.F(3): error #5082: Syntax error, found END-OF-STATEMENT when expecting one of: => = . [ % ( :
       choke me
---------------^
compilation aborted for conftest.F (code 1)
configure:3413: $? = 1
configure: failed program was:
|       program main
| #ifndef __GNUC__
|        choke me
| #endif
| 
|       end
configure:3422: result: no
configure:3428: checking whether mpiifort accepts -g
configure:3439: mpiifort -c -g conftest.f >&5
configure:3439: $? = 0
configure:3447: result: yes
configure:3477: checking for actual compiler
configure:3517: result: ifort
configure:3524: checking for fortran version
configure:3540: result: 18.0.2
configure:3702: checking for C compiler version
configure:3711: mpiicc --version >&5
icc (ICC) 18.0.2 20180210
Copyright (C) 1985-2018 Intel Corporation.  All rights reserved.

configure:3722: $? = 0
configure:3711: mpiicc -v >&5
mpiicc for the Intel(R) MPI Library 2018 Update 2 for Linux*
Copyright(C) 2003-2018, Intel Corporation.  All rights reserved.
icc version 18.0.2 (gcc version 5.0.0 compatibility)
configure:3722: $? = 0
configure:3711: mpiicc -V >&5
Intel(R) C Intel(R) 64 Compiler for applications running on Intel(R) 64, Version 18.0.2.199 Build 20180210
Copyright (C) 1985-2018 Intel Corporation.  All rights reserved.

configure:3722: $? = 0
configure:3711: mpiicc -qversion >&5
icc: command line warning #10006: ignoring unknown option '-qversion'
/usr/lib/gcc/x86_64-linux-gnu/5/../../../x86_64-linux-gnu/Scrt1.o: In function `_start':
(.text+0x20): undefined reference to `main'
configure:3722: $? = 1
configure:3726: checking whether we are using the GNU C compiler
configure:3745: mpiicc -c   conftest.c >&5
configure:3745: $? = 0
configure:3754: result: yes
configure:3763: checking whether mpiicc accepts -g
configure:3783: mpiicc -c -g  conftest.c >&5
configure:3783: $? = 0
configure:3824: result: yes
configure:3841: checking for mpiicc option to accept ISO C89
configure:3904: mpiicc  -c -g -O2  conftest.c >&5
configure:3904: $? = 0
configure:3917: result: none needed
configure:3941: checking whether mpiicc understands -c and -o together
configure:3963: mpiicc -c conftest.c -o conftest2.o
configure:3966: $? = 0
configure:3963: mpiicc -c conftest.c -o conftest2.o
configure:3966: $? = 0
configure:3978: result: yes
configure:4005: checking for style of include used by make
configure:4033: result: GNU
configure:4059: checking dependency style of mpiicc
configure:4170: result: gcc3
configure:4187: checking for actual compiler
configure:4213: result: icc
configure:4395: checking for fpp
configure:4411: found /opt/intel/bin/fpp
configure:4422: result: fpp
configure:5951: checking that generated files are newer than configure
configure:5957: result: done
configure:5996: creating ./config.status

## ---------------------- ##
## Running config.status. ##
## ---------------------- ##

This file was extended by genesis config.status 2.0.0, which was
generated by GNU Autoconf 2.69.  Invocation command line was

  CONFIG_FILES    = 
  CONFIG_HEADERS  = 
  CONFIG_LINKS    = 
  CONFIG_COMMANDS = 
  $ ./config.status 

on dolphin1

config.status:888: creating Makefile
config.status:888: creating src/Makefile
config.status:888: creating src/lib/Makefile
config.status:888: creating src/spdyn/Makefile
config.status:888: creating src/config.h
config.status:1069: src/config.h is unchanged
config.status:1117: executing depfiles commands

## ---------------- ##
## Cache variables. ##
## ---------------- ##

ac_cv_c_compiler_gnu=yes
ac_cv_env_CC_set=set
ac_cv_env_CC_value=mpiicc
ac_cv_env_CFLAGS_set=
ac_cv_env_CFLAGS_value=
ac_cv_env_CPPFLAGS_set=
ac_cv_env_CPPFLAGS_value=
ac_cv_env_F77_set=
ac_cv_env_F77_value=
ac_cv_env_FCFLAGS_set=
ac_cv_env_FCFLAGS_value=
ac_cv_env_FC_set=set
ac_cv_env_FC_value=mpiifort
ac_cv_env_FFLAGS_set=
ac_cv_env_FFLAGS_value=
ac_cv_env_LAPACK_LIBS_set=
ac_cv_env_LAPACK_LIBS_value=
ac_cv_env_LAPACK_PATH_set=
ac_cv_env_LAPACK_PATH_value=
ac_cv_env_LDFLAGS_set=
ac_cv_env_LDFLAGS_value=
ac_cv_env_LIBS_set=
ac_cv_env_LIBS_value=
ac_cv_env_build_alias_set=
ac_cv_env_build_alias_value=
ac_cv_env_host_alias_set=
ac_cv_env_host_alias_value=
ac_cv_env_target_alias_set=
ac_cv_env_target_alias_value=
ac_cv_f77_compiler_gnu=no
ac_cv_fc_compiler_gnu=no
ac_cv_objext=o
ac_cv_path_install='/usr/bin/install -c'
ac_cv_path_mkdir=/bin/mkdir
ac_cv_prog_AWK=mawk
ac_cv_prog_FPP=fpp
ac_cv_prog_ac_ct_F77=mpiifort
ac_cv_prog_ac_ct_RANLIB=ranlib
ac_cv_prog_cc_c89=
ac_cv_prog_cc_g=yes
ac_cv_prog_f77_g=yes
ac_cv_prog_fc_g=yes
ac_cv_prog_make_make_set=yes
am_cv_CC_dependencies_compiler_type=gcc3
am_cv_make_support_nested_variables=yes
am_cv_prog_cc_c_o=yes

## ----------------- ##
## Output variables. ##
## ----------------- ##

ACLOCAL='aclocal-1.15'
AMDEPBACKSLASH='\'
AMDEP_FALSE='#'
AMDEP_TRUE=''
AMTAR='$${TAR-tar}'
AM_BACKSLASH='\'
AM_DEFAULT_V='$(AM_DEFAULT_VERBOSITY)'
AM_DEFAULT_VERBOSITY='1'
AM_V='$(V)'
ARFLAGS=''
AUTOCONF='autoconf'
AUTOHEADER='autoheader'
AUTOMAKE='automake-1.15'
AWK='mawk'
CC='mpiicc'
CCDEPMODE='depmode=gcc3'
CFLAGS='-O3 -ip -axCORE-AVX2  -qopenmp'
CPPFLAGS=''
CUDAGPU_FALSE=''
CUDAGPU_TRUE='#'
CYGPATH_W='echo'
DEFS='-DHAVE_CONFIG_H'
DEPDIR='.deps'
ECHO_C=''
ECHO_N='-n'
ECHO_T=''
EXEEXT=''
F77='mpiifort'
FC='mpiifort'
FCFLAGS='-xHost -axCORE-AVX512 -g -O3 -ip -mkl=parallel  -assume byterecl -qopenmp '
FCFLAGS_DIHEDRAL=''
FCFLAGS_FFTE_KERNEL_FPP__PGI__SP='-xHost -axCORE-AVX512 -g -O3 -ip -mkl=parallel  -assume byterecl -qopenmp '
FCFLAGS_FPP__PGI_NOOPT='-xHost -axCORE-AVX512 -g -O3 -ip -mkl=parallel  -assume byterecl -qopenmp '
FCFLAGS_KERNELS=''
FCFLAGS_KERNELS_PAIRLIST=''
FCFLAGS_NOOPT=' -xHost -axCORE-AVX2 -g -O3 -ip -mkl=parallel  -assume byterecl -qopenmp '
FFLAGS='-g'
FPP='fpp'
INSTALL_DATA='${INSTALL} -m 644'
INSTALL_PROGRAM='${INSTALL}'
INSTALL_SCRIPT='${INSTALL}'
INSTALL_STRIP_PROGRAM='$(install_sh) -c -s'
LAPACK_LIBS=''
LAPACK_PATH=''
LDFLAGS=' -assume byterecl -qopenmp  -lmkl_intel_lp64 -lmkl_sequential -lmkl_core -lmkl_lapack95_lp64 '
LIBOBJS=''
LIBS=''
LTLIBOBJS=''
MAKEINFO='makeinfo'
MKDIR_P='/bin/mkdir -p'
NVCC=''
NVCCFLAG=''
OBJEXT='o'
PACKAGE='genesis'
PACKAGE_BUGREPORT='genesis@riken.jp'
PACKAGE_NAME='genesis'
PACKAGE_STRING='genesis 2.0.0'
PACKAGE_TARNAME='genesis'
PACKAGE_URL=''
PACKAGE_VERSION='2.0.0'
PARALLEL_IO_FALSE='#'
PARALLEL_IO_TRUE=''
PATH_SEPARATOR=':'
PGICOMP_FALSE=''
PGICOMP_TRUE='#'
PPFLAGS=''
RANLIB='ranlib'
SET_MAKE=''
SHELL='/bin/sh'
STRIP=''
USEKCOMP_FALSE=''
USEKCOMP_TRUE='#'
VERSION='2.0.0'
ac_ct_CC=''
ac_ct_F77='mpiifort'
ac_ct_FC=''
am__EXEEXT_FALSE=''
am__EXEEXT_TRUE='#'
am__fastdepCC_FALSE='#'
am__fastdepCC_TRUE=''
am__include='include'
am__isrc=''
am__leading_dot='.'
am__nodep='_no'
am__quote=''
am__tar='$${TAR-tar} chof - "$$tardir"'
am__untar='$${TAR-tar} xf -'
bindir='${exec_prefix}/bin'
build_alias=''
check_fpp=''
datadir='${datarootdir}'
datarootdir='${prefix}/share'
docdir='${datarootdir}/doc/${PACKAGE_TARNAME}'
dvidir='${docdir}'
exec_prefix='${prefix}'
host_alias=''
htmldir='${docdir}'
includedir='${prefix}/include'
infodir='${datarootdir}/info'
install_sh='${SHELL} /home/jung/program/genesis/genesis_multikernel/genesis2.0beta/install-sh'
libdir='${exec_prefix}/lib'
libexecdir='${exec_prefix}/libexec'
localedir='${datarootdir}/locale'
localstatedir='${prefix}/var'
mandir='${datarootdir}/man'
mkdir_p='$(MKDIR_P)'
oldincludedir='/usr/include'
pdfdir='${docdir}'
prefix='/home/jung/program/genesis/genesis_multikernel/genesis2.0beta/'
program_transform_name='s,x,x,'
psdir='${docdir}'
runstatedir='${localstatedir}/run'
sbindir='${exec_prefix}/sbin'
sharedstatedir='${prefix}/com'
sysconfdir='${prefix}/etc'
target_alias=''

## ----------- ##
## confdefs.h. ##
## ----------- ##

/* confdefs.h */
#define PACKAGE_NAME "genesis"
#define PACKAGE_TARNAME "genesis"
#define PACKAGE_VERSION "2.0.0"
#define PACKAGE_STRING "genesis 2.0.0"
#define PACKAGE_BUGREPORT "genesis@riken.jp"
#define PACKAGE_URL ""
#define PACKAGE "genesis"
#define VERSION "2.0.0"
#define _SINGLE 1
#define MPI 1
#define OMP 1
#define FFTE 1
#define LAPACK 1
#define DSFMT_MEXP 19937
#define INTEL 1
#define COMPILE_HOST "dolphin1"
#define COMPILE_USER "jung"
#define COMPILE_GENESIS_VERSION "$GENESIS_VERSION$"
#define COMPILE_FC_VER "ifort (IFORT) 18.0.2 20180210"
#define COMPILE_CC_VER "icc (ICC) 18.0.2 20180210"
#define COMPILE_DEFINED_VARIABLES " -DMPI -DOMP -DFFTE -DLAPACK -DDSFMT_MEXP=19937 -DINTEL"
#define COMPILE_FCFLAGS "-xHost -axCORE-AVX512 -g -O3 -ip -mkl=parallel  -assume byterecl -qopenmp "
#define COMPILE_CFLAGS "-O3 -ip -axCORE-AVX2  -qopenmp"
#define COMPILE_LDFLAGS " -assume byterecl -qopenmp  -lmkl_intel_lp64 -lmkl_sequential -lmkl_core -lmkl_lapack95_lp64 "

configure: exit 0
