This file contains any messages produced by compilers while
running configure, to aid debugging if configure makes a mistake.

It was created by genesis configure 1.1.0, which was
generated by GNU Autoconf 2.69.  Invocation command line was

  $ ./configure FC=mpif90 CC=mpicc

## --------- ##
## Platform. ##
## --------- ##

hostname = dolphin1
uname -m = x86_64
uname -r = 4.15.0-30-generic
uname -s = Linux
uname -v = #32~16.04.1-Ubuntu SMP Thu Jul 26 20:25:39 UTC 2018

/usr/bin/uname -p = unknown
/bin/uname -X     = unknown

/bin/arch              = unknown
/usr/bin/arch -k       = unknown
/usr/convex/getsysinfo = unknown
/usr/bin/hostinfo      = unknown
/bin/machine           = unknown
/usr/bin/oslevel       = unknown
/bin/universe          = unknown

PATH: /usr/local/cuda-8.0/bin
PATH: /opt/intel/bin
PATH: /home/jung/program/mpi3.0_intel18/bin
PATH: /usr/local/cuda-8.0/bin
PATH: /opt/intel/bin
PATH: /home/jung/program/mpi3.0_intel18/bin
PATH: /usr/local/cuda-9.1/bin
PATH: /opt/intel/bin
PATH: /home/jung/program/mpi3.0_intel18/bin
PATH: /usr/local/cuda-9.2/bin
PATH: /opt/intel/bin
PATH: /home/jung/program/mpi3.0_intel18/bin
PATH: /opt/intel/compilers_and_libraries_2018.2.199/linux/bin/intel64
PATH: /opt/intel/compilers_and_libraries_2018.2.199/linux/mpi/intel64/bin
PATH: /usr/local/cuda-9.2/bin
PATH: /opt/intel/bin
PATH: /home/jung/program/mpi3.0_intel18/bin
PATH: /home/jung/bin
PATH: /home/jung/.local/bin
PATH: /usr/local/sbin
PATH: /usr/local/bin
PATH: /usr/sbin
PATH: /usr/bin
PATH: /sbin
PATH: /bin
PATH: /usr/games
PATH: /usr/local/games
PATH: /snap/bin


## ----------- ##
## Core tests. ##
## ----------- ##

configure:2044: checking for a BSD-compatible install
configure:2112: result: /usr/bin/install -c
configure:2123: checking whether build environment is sane
configure:2178: result: yes
configure:2216: WARNING: 'missing' script is too old or missing
configure:2329: checking for a thread-safe mkdir -p
configure:2368: result: /bin/mkdir -p
configure:2375: checking for gawk
configure:2405: result: no
configure:2375: checking for mawk
configure:2391: found /usr/bin/mawk
configure:2402: result: mawk
configure:2413: checking whether make sets $(MAKE)
configure:2435: result: yes
configure:2464: checking whether make supports nested variables
configure:2481: result: yes
configure:2612: checking whether make sets $(MAKE)
configure:2634: result: yes
configure:2689: checking for ranlib
configure:2705: found /usr/bin/ranlib
configure:2716: result: ranlib
configure:2944: checking for Fortran compiler version
configure:2953: mpif90 --version >&5
ifort (IFORT) 18.0.2 20180210
Copyright (C) 1985-2018 Intel Corporation.  All rights reserved.

configure:2964: $? = 0
configure:2953: mpif90 -v >&5
ifort version 18.0.2
configure:2964: $? = 0
configure:2953: mpif90 -V >&5
Intel(R) Fortran Intel(R) 64 Compiler for applications running on Intel(R) 64, Version 18.0.2.199 Build 20180210
Copyright (C) 1985-2018 Intel Corporation.  All rights reserved.

configure:2964: $? = 0
configure:2953: mpif90 -qversion >&5
ifort: command line warning #10006: ignoring unknown option '-qversion'
ifort: command line error: no files specified; for help type "ifort -help"
configure:2964: $? = 1
configure:2979: checking whether the Fortran compiler works
configure:3001: mpif90    conftest.f  >&5
configure:3005: $? = 0
configure:3053: result: yes
configure:3056: checking for Fortran compiler default output file name
configure:3058: result: a.out
configure:3064: checking for suffix of executables
configure:3071: mpif90 -o conftest    conftest.f  >&5
configure:3075: $? = 0
configure:3097: result: 
configure:3113: checking whether we are cross compiling
configure:3121: mpif90 -o conftest    conftest.f  >&5
configure:3125: $? = 0
configure:3132: ./conftest
configure:3136: $? = 0
configure:3151: result: no
configure:3156: checking for suffix of object files
configure:3172: mpif90 -c   conftest.f >&5
configure:3176: $? = 0
configure:3197: result: o
configure:3205: checking whether we are using the GNU Fortran compiler
configure:3218: mpif90 -c   conftest.F >&5
conftest.F(3): error #5082: Syntax error, found END-OF-STATEMENT when expecting one of: => = . [ % ( :
       choke me
---------------^
compilation aborted for conftest.F (code 1)
configure:3218: $? = 1
configure: failed program was:
|       program main
| #ifndef __GNUC__
|        choke me
| #endif
| 
|       end
configure:3227: result: no
configure:3233: checking whether mpif90 accepts -g
configure:3244: mpif90 -c -g  conftest.f >&5
configure:3244: $? = 0
configure:3252: result: yes
configure:3333: checking for mpiifort
configure:3349: found /opt/intel/compilers_and_libraries_2018.2.199/linux/mpi/intel64/bin/mpiifort
configure:3360: result: mpiifort
configure:3386: checking for Fortran 77 compiler version
configure:3395: mpiifort --version >&5
ifort (IFORT) 18.0.2 20180210
Copyright (C) 1985-2018 Intel Corporation.  All rights reserved.

configure:3406: $? = 0
configure:3395: mpiifort -v >&5
mpiifort for the Intel(R) MPI Library 2018 Update 2 for Linux*
Copyright(C) 2003-2018, Intel Corporation.  All rights reserved.
ifort version 18.0.2
configure:3406: $? = 0
configure:3395: mpiifort -V >&5
Intel(R) Fortran Intel(R) 64 Compiler for applications running on Intel(R) 64, Version 18.0.2.199 Build 20180210
Copyright (C) 1985-2018 Intel Corporation.  All rights reserved.

configure:3406: $? = 0
configure:3395: mpiifort -qversion >&5
ifort: command line warning #10006: ignoring unknown option '-qversion'
/opt/intel/compilers_and_libraries_2018.2.199/linux/compiler/lib/intel64_lin/for_main.o: In function `main':
for_main.c:(.text+0x2a): undefined reference to `MAIN__'
configure:3406: $? = 1
configure:3415: checking whether we are using the GNU Fortran 77 compiler
configure:3428: mpiifort -c  conftest.F >&5
conftest.F(3): error #5082: Syntax error, found END-OF-STATEMENT when expecting one of: => = . [ % ( :
       choke me
---------------^
compilation aborted for conftest.F (code 1)
configure:3428: $? = 1
configure: failed program was:
|       program main
| #ifndef __GNUC__
|        choke me
| #endif
| 
|       end
configure:3437: result: no
configure:3443: checking whether mpiifort accepts -g
configure:3454: mpiifort -c -g conftest.f >&5
configure:3454: $? = 0
configure:3462: result: yes
configure:3492: checking for actual compiler
configure:3532: result: ifort
configure:3539: checking for fortran version
configure:3555: result: 18.0.2
configure:3717: checking for C compiler version
configure:3726: mpicc --version >&5
icc (ICC) 18.0.2 20180210
Copyright (C) 1985-2018 Intel Corporation.  All rights reserved.

configure:3737: $? = 0
configure:3726: mpicc -v >&5
icc version 18.0.2 (gcc version 4.9.0 compatibility)
configure:3737: $? = 0
configure:3726: mpicc -V >&5
Intel(R) C Intel(R) 64 Compiler for applications running on Intel(R) 64, Version 18.0.2.199 Build 20180210
Copyright (C) 1985-2018 Intel Corporation.  All rights reserved.

configure:3737: $? = 0
configure:3726: mpicc -qversion >&5
icc: command line warning #10006: ignoring unknown option '-qversion'
icc: command line error: no files specified; for help type "icc -help"
configure:3737: $? = 1
configure:3741: checking whether we are using the GNU C compiler
configure:3760: mpicc -c   conftest.c >&5
configure:3760: $? = 0
configure:3769: result: yes
configure:3778: checking whether mpicc accepts -g
configure:3798: mpicc -c -g  conftest.c >&5
configure:3798: $? = 0
configure:3839: result: yes
configure:3856: checking for mpicc option to accept ISO C89
configure:3919: mpicc  -c -g -O2  conftest.c >&5
configure:3919: $? = 0
configure:3932: result: none needed
configure:3956: checking whether mpicc understands -c and -o together
configure:3978: mpicc -c conftest.c -o conftest2.o
configure:3981: $? = 0
configure:3978: mpicc -c conftest.c -o conftest2.o
configure:3981: $? = 0
configure:3993: result: yes
configure:4020: checking for style of include used by make
configure:4048: result: GNU
configure:4074: checking dependency style of mpicc
configure:4185: result: gcc3
configure:4202: checking for actual compiler
configure:4228: result: icc
configure:4410: checking for fpp
configure:4426: found /opt/intel/bin/fpp
configure:4437: result: fpp
configure:5544: checking platform is RICC
configure:5615: result: no
configure:5686: checking for ../version_scripts/version.pl
configure:5699: result: yes
configure:5711: checking for GENESIS_VERSION
configure:5724: result: yes
configure:5908: checking that generated files are newer than configure
configure:5914: result: done
configure:5961: creating ./config.status

## ---------------------- ##
## Running config.status. ##
## ---------------------- ##

This file was extended by genesis config.status 1.1.0, which was
generated by GNU Autoconf 2.69.  Invocation command line was

  CONFIG_FILES    = 
  CONFIG_HEADERS  = 
  CONFIG_LINKS    = 
  CONFIG_COMMANDS = 
  $ ./config.status 

on dolphin1

config.status:912: creating Makefile
config.status:912: creating lib/Makefile
config.status:912: creating spdyn/Makefile
config.status:912: creating atdyn/Makefile
config.status:912: creating analysis/Makefile
config.status:912: creating analysis/libana/Makefile
config.status:912: creating analysis/rpath_generator/Makefile
config.status:912: creating analysis/pcaana/Makefile
config.status:912: creating analysis/pcaana/avecrd_analysis/Makefile
config.status:912: creating analysis/pcaana/flccrd_analysis/Makefile
config.status:912: creating analysis/pcaana/eigmat_analysis/Makefile
config.status:912: creating analysis/pcaana/prjcrd_analysis/Makefile
config.status:912: creating analysis/rstcnv/Makefile
config.status:912: creating analysis/rstcnv/rst_convert/Makefile
config.status:912: creating analysis/rstcnv/rst_upgrade/Makefile
config.status:912: creating analysis/trjana/Makefile
config.status:912: creating analysis/trjana/trj_analysis/Makefile
config.status:912: creating analysis/trjana/wham_analysis/Makefile
config.status:912: creating analysis/trjana/mbar_analysis/Makefile
config.status:912: creating analysis/trjana/qval_analysis/Makefile
config.status:912: creating analysis/trjana/rmsd_analysis/Makefile
config.status:912: creating analysis/trjana/pathcv_analysis/Makefile
config.status:912: creating analysis/trjana/pmf_analysis/Makefile
config.status:912: creating analysis/trjcnv/Makefile
config.status:912: creating analysis/trjcnv/crd_convert/Makefile
config.status:912: creating analysis/trjcnv/pcrd_convert/Makefile
config.status:912: creating analysis/trjcnv/remd_convert/Makefile
config.status:912: creating config.h
config.status:1141: executing depfiles commands

## ---------------- ##
## Cache variables. ##
## ---------------- ##

ac_cv_c_compiler_gnu=yes
ac_cv_env_CC_set=set
ac_cv_env_CC_value=mpicc
ac_cv_env_CFLAGS_set=
ac_cv_env_CFLAGS_value=
ac_cv_env_CPPFLAGS_set=
ac_cv_env_CPPFLAGS_value=
ac_cv_env_CUDA_LIB_PATH_set=
ac_cv_env_CUDA_LIB_PATH_value=
ac_cv_env_F77_set=
ac_cv_env_F77_value=
ac_cv_env_FCFLAGS_set=
ac_cv_env_FCFLAGS_value=
ac_cv_env_FC_set=set
ac_cv_env_FC_value=mpif90
ac_cv_env_FFLAGS_set=
ac_cv_env_FFLAGS_value=
ac_cv_env_LAPACK_LIBS_set=
ac_cv_env_LAPACK_LIBS_value=
ac_cv_env_LAPACK_PATH_set=
ac_cv_env_LAPACK_PATH_value=
ac_cv_env_LDFLAGS_set=
ac_cv_env_LDFLAGS_value=
ac_cv_env_LIBS_set=
ac_cv_env_LIBS_value=
ac_cv_env_build_alias_set=
ac_cv_env_build_alias_value=
ac_cv_env_host_alias_set=
ac_cv_env_host_alias_value=
ac_cv_env_target_alias_set=
ac_cv_env_target_alias_value=
ac_cv_f77_compiler_gnu=no
ac_cv_fc_compiler_gnu=no
ac_cv_file_GENESIS_VERSION=yes
ac_cv_file____version_scripts_version_pl=yes
ac_cv_objext=o
ac_cv_path_install='/usr/bin/install -c'
ac_cv_path_mkdir=/bin/mkdir
ac_cv_prog_AWK=mawk
ac_cv_prog_FPP=fpp
ac_cv_prog_ac_ct_F77=mpiifort
ac_cv_prog_ac_ct_RANLIB=ranlib
ac_cv_prog_cc_c89=
ac_cv_prog_cc_g=yes
ac_cv_prog_f77_g=yes
ac_cv_prog_fc_g=yes
ac_cv_prog_make_make_set=yes
am_cv_CC_dependencies_compiler_type=gcc3
am_cv_make_support_nested_variables=yes
am_cv_prog_cc_c_o=yes

## ----------------- ##
## Output variables. ##
## ----------------- ##

ACLOCAL='aclocal-1.15'
AMDEPBACKSLASH='\'
AMDEP_FALSE='#'
AMDEP_TRUE=''
AMTAR='$${TAR-tar}'
AM_BACKSLASH='\'
AM_DEFAULT_V='$(AM_DEFAULT_VERBOSITY)'
AM_DEFAULT_VERBOSITY='1'
AM_V='$(V)'
ANALYSIS_FALSE='#'
ANALYSIS_TRUE=''
ARFLAGS=''
ATDYN_FALSE='#'
ATDYN_TRUE=''
AUTOCONF='autoconf'
AUTOHEADER='autoheader'
AUTOMAKE='automake-1.15'
AWK='mawk'
CC='mpicc'
CCDEPMODE='depmode=gcc3'
CFLAGS='-O3 -ip -axCORE-AVX2  -qopenmp'
CPPFLAGS=''
CUDAGPU_FALSE=''
CUDAGPU_TRUE='#'
CUDA_LIB_PATH=''
CYGPATH_W='echo'
DEFS='-DHAVE_CONFIG_H'
DEPDIR='.deps'
ECHO_C=''
ECHO_N='-n'
ECHO_T=''
EXEEXT=''
F77='mpiifort'
FC='mpif90'
FCFLAGS='-xHost -axCORE-AVX512 -g -O3 -ip -mkl=parallel  -assume byterecl -qopenmp '
FCFLAGS_FFTE_KERNEL_FPP__PGI__SP='-xHost -axCORE-AVX512 -g -O3 -ip -mkl=parallel  -assume byterecl -qopenmp '
FCFLAGS_FPP__PGI_NOOPT='-xHost -axCORE-AVX512 -g -O3 -ip -mkl=parallel  -assume byterecl -qopenmp '
FCFLAGS_NOOPT=' -xHost -axCORE-AVX2 -g -O3 -ip -mkl=parallel  -assume byterecl -qopenmp '
FFLAGS='-g'
FPP='fpp'
INSTALL_DATA='${INSTALL} -m 644'
INSTALL_PROGRAM='${INSTALL}'
INSTALL_SCRIPT='${INSTALL}'
INSTALL_STRIP_PROGRAM='$(install_sh) -c -s'
LAPACK_LIBS=''
LAPACK_PATH=''
LDFLAGS=' -assume byterecl -qopenmp -lmkl_intel_lp64 -lmkl_sequential -lmkl_core -lmkl_lapack95_lp64 '
LIBOBJS=''
LIBS=''
LTLIBOBJS=''
MAKEINFO='makeinfo'
MKDIR_P='/bin/mkdir -p'
NVCC=''
NVCCFLAG=''
OBJEXT='o'
PACKAGE='genesis'
PACKAGE_BUGREPORT='genesis@riken.jp'
PACKAGE_NAME='genesis'
PACKAGE_STRING='genesis 1.1.0'
PACKAGE_TARNAME='genesis'
PACKAGE_URL=''
PACKAGE_VERSION='1.1.0'
PARALLEL_IO_FALSE='#'
PARALLEL_IO_TRUE=''
PATH_SEPARATOR=':'
PGICOMP_FALSE=''
PGICOMP_TRUE='#'
PPFLAGS=''
RANLIB='ranlib'
SET_MAKE=''
SHELL='/bin/bash'
STRIP=''
USEKCOMP_FALSE=''
USEKCOMP_TRUE='#'
VERSION='1.1.0'
ac_ct_CC=''
ac_ct_F77='mpiifort'
ac_ct_FC=''
am__EXEEXT_FALSE=''
am__EXEEXT_TRUE='#'
am__fastdepCC_FALSE='#'
am__fastdepCC_TRUE=''
am__include='include'
am__isrc=''
am__leading_dot='.'
am__nodep='_no'
am__quote=''
am__tar='$${TAR-tar} chof - "$$tardir"'
am__untar='$${TAR-tar} xf -'
bindir='${exec_prefix}/bin'
build_alias=''
check_fpp=''
datadir='${datarootdir}'
datarootdir='${prefix}/share'
docdir='${datarootdir}/doc/${PACKAGE_TARNAME}'
dvidir='${docdir}'
exec_prefix='${prefix}'
host_alias=''
htmldir='${docdir}'
includedir='${prefix}/include'
infodir='${datarootdir}/info'
install_sh='${SHELL} /home/jung/program/genesis/genesis_multikernel/genesis/src/install-sh'
libdir='${exec_prefix}/lib'
libexecdir='${exec_prefix}/libexec'
localedir='${datarootdir}/locale'
localstatedir='${prefix}/var'
mandir='${datarootdir}/man'
mkdir_p='$(MKDIR_P)'
oldincludedir='/usr/include'
pdfdir='${docdir}'
prefix='/home/jung/program/genesis/genesis_multikernel/genesis/src/../'
program_transform_name='s,x,x,'
psdir='${docdir}'
runstatedir='${localstatedir}/run'
sbindir='${exec_prefix}/sbin'
sharedstatedir='${prefix}/com'
sysconfdir='${prefix}/etc'
target_alias=''

## ----------- ##
## confdefs.h. ##
## ----------- ##

/* confdefs.h */
#define PACKAGE_NAME "genesis"
#define PACKAGE_TARNAME "genesis"
#define PACKAGE_VERSION "1.1.0"
#define PACKAGE_STRING "genesis 1.1.0"
#define PACKAGE_BUGREPORT "genesis@riken.jp"
#define PACKAGE_URL ""
#define PACKAGE "genesis"
#define VERSION "1.1.0"
#define MPI 1
#define OMP 1
#define FFTE 1
#define LAPACK 1
#define DSFMT_MEXP 19937
#define INTEL 1
#define COMPILE_HOST "dolphin1"
#define COMPILE_USER "jung"
#define COMPILE_GENESIS_VERSION "$GENESIS_VERSION$"
#define COMPILE_FC_VER "ifort (IFORT) 18.0.2 20180210"
#define COMPILE_CC_VER "icc (ICC) 18.0.2 20180210"
#define COMPILE_DEFINED_VARIABLES " -DMPI -DOMP -DFFTE -DLAPACK -DDSFMT_MEXP=19937 -DINTEL"
#define COMPILE_FCFLAGS "-xHost -axCORE-AVX512 -g -O3 -ip -mkl=parallel  -assume byterecl -qopenmp "
#define COMPILE_CFLAGS "-O3 -ip -axCORE-AVX2  -qopenmp"
#define COMPILE_LDFLAGS " -assume byterecl -qopenmp -lmkl_intel_lp64 -lmkl_sequential -lmkl_core -lmkl_lapack95_lp64 "

configure: exit 0
